<?xml version="1.0" encoding="UTF-8"?>
<testng-results ignored="0" total="13" passed="13" failed="0" skipped="0">
  <reporter-output>
  </reporter-output>
  <suite started-at="2023-10-01T16:53:58 IST" name="All Test Suite" finished-at="2023-10-01T16:54:25 IST" duration-ms="26828">
    <groups>
    </groups>
    <test started-at="2023-10-01T16:53:58 IST" name="G:/selenium/Projects/freshAPI" finished-at="2023-10-01T16:54:25 IST" duration-ms="26828">
      <class name="api.testcases.UserTestDD">
        <test-method signature="testCreateUser(java.lang.String,java.lang.String,java.lang.String,java.lang.String,java.lang.String,java.lang.String,java.lang.String)[pri:1, instance:api.testcases.UserTestDD@7d4f9aae]" started-at="2023-10-01T16:54:01 IST" name="testCreateUser" data-provider="AllData" finished-at="2023-10-01T16:54:05 IST" duration-ms="4224" status="PASS">
          <params>
            <param index="0">
              <value>
                <![CDATA[2020]]>
              </value>
            </param>
            <param index="1">
              <value>
                <![CDATA[user1]]>
              </value>
            </param>
            <param index="2">
              <value>
                <![CDATA[Rita]]>
              </value>
            </param>
            <param index="3">
              <value>
                <![CDATA[Gupta]]>
              </value>
            </param>
            <param index="4">
              <value>
                <![CDATA[a@gmail.com]]>
              </value>
            </param>
            <param index="5">
              <value>
                <![CDATA[test@1]]>
              </value>
            </param>
            <param index="6">
              <value>
                <![CDATA[1234567897]]>
              </value>
            </param>
          </params>
          <reporter-output>
          </reporter-output>
        </test-method> <!-- testCreateUser -->
        <test-method signature="testCreateUser(java.lang.String,java.lang.String,java.lang.String,java.lang.String,java.lang.String,java.lang.String,java.lang.String)[pri:1, instance:api.testcases.UserTestDD@7d4f9aae]" started-at="2023-10-01T16:54:05 IST" name="testCreateUser" data-provider="AllData" finished-at="2023-10-01T16:54:07 IST" duration-ms="1412" status="PASS">
          <params>
            <param index="0">
              <value>
                <![CDATA[2021]]>
              </value>
            </param>
            <param index="1">
              <value>
                <![CDATA[user2]]>
              </value>
            </param>
            <param index="2">
              <value>
                <![CDATA[Radha]]>
              </value>
            </param>
            <param index="3">
              <value>
                <![CDATA[Jain]]>
              </value>
            </param>
            <param index="4">
              <value>
                <![CDATA[b@gmail.com]]>
              </value>
            </param>
            <param index="5">
              <value>
                <![CDATA[test@2]]>
              </value>
            </param>
            <param index="6">
              <value>
                <![CDATA[1234567897]]>
              </value>
            </param>
          </params>
          <reporter-output>
          </reporter-output>
        </test-method> <!-- testCreateUser -->
        <test-method signature="testCreateUser(java.lang.String,java.lang.String,java.lang.String,java.lang.String,java.lang.String,java.lang.String,java.lang.String)[pri:1, instance:api.testcases.UserTestDD@7d4f9aae]" started-at="2023-10-01T16:54:07 IST" name="testCreateUser" data-provider="AllData" finished-at="2023-10-01T16:54:08 IST" duration-ms="1362" status="PASS">
          <params>
            <param index="0">
              <value>
                <![CDATA[2022]]>
              </value>
            </param>
            <param index="1">
              <value>
                <![CDATA[user3]]>
              </value>
            </param>
            <param index="2">
              <value>
                <![CDATA[Smita]]>
              </value>
            </param>
            <param index="3">
              <value>
                <![CDATA[Pathak]]>
              </value>
            </param>
            <param index="4">
              <value>
                <![CDATA[c@gmail.com]]>
              </value>
            </param>
            <param index="5">
              <value>
                <![CDATA[test@3]]>
              </value>
            </param>
            <param index="6">
              <value>
                <![CDATA[1234567897]]>
              </value>
            </param>
          </params>
          <reporter-output>
          </reporter-output>
        </test-method> <!-- testCreateUser -->
        <test-method signature="testGetUser(java.lang.String)[pri:2, instance:api.testcases.UserTestDD@7d4f9aae]" started-at="2023-10-01T16:54:08 IST" name="testGetUser" data-provider="UserNamesData" finished-at="2023-10-01T16:54:10 IST" duration-ms="1406" status="PASS">
          <params>
            <param index="0">
              <value>
                <![CDATA[user1]]>
              </value>
            </param>
          </params>
          <reporter-output>
          </reporter-output>
        </test-method> <!-- testGetUser -->
        <test-method signature="testGetUser(java.lang.String)[pri:2, instance:api.testcases.UserTestDD@7d4f9aae]" started-at="2023-10-01T16:54:10 IST" name="testGetUser" data-provider="UserNamesData" finished-at="2023-10-01T16:54:11 IST" duration-ms="1311" status="PASS">
          <params>
            <param index="0">
              <value>
                <![CDATA[user2]]>
              </value>
            </param>
          </params>
          <reporter-output>
          </reporter-output>
        </test-method> <!-- testGetUser -->
        <test-method signature="testGetUser(java.lang.String)[pri:2, instance:api.testcases.UserTestDD@7d4f9aae]" started-at="2023-10-01T16:54:11 IST" name="testGetUser" data-provider="UserNamesData" finished-at="2023-10-01T16:54:12 IST" duration-ms="1352" status="PASS">
          <params>
            <param index="0">
              <value>
                <![CDATA[user3]]>
              </value>
            </param>
          </params>
          <reporter-output>
          </reporter-output>
        </test-method> <!-- testGetUser -->
        <test-method signature="testDeleteUser(java.lang.String)[pri:3, instance:api.testcases.UserTestDD@7d4f9aae]" started-at="2023-10-01T16:54:12 IST" name="testDeleteUser" data-provider="UserNamesData" finished-at="2023-10-01T16:54:14 IST" duration-ms="1343" status="PASS">
          <params>
            <param index="0">
              <value>
                <![CDATA[user1]]>
              </value>
            </param>
          </params>
          <reporter-output>
          </reporter-output>
        </test-method> <!-- testDeleteUser -->
        <test-method signature="testDeleteUser(java.lang.String)[pri:3, instance:api.testcases.UserTestDD@7d4f9aae]" started-at="2023-10-01T16:54:14 IST" name="testDeleteUser" data-provider="UserNamesData" finished-at="2023-10-01T16:54:15 IST" duration-ms="1339" status="PASS">
          <params>
            <param index="0">
              <value>
                <![CDATA[user2]]>
              </value>
            </param>
          </params>
          <reporter-output>
          </reporter-output>
        </test-method> <!-- testDeleteUser -->
        <test-method signature="testDeleteUser(java.lang.String)[pri:3, instance:api.testcases.UserTestDD@7d4f9aae]" started-at="2023-10-01T16:54:15 IST" name="testDeleteUser" data-provider="UserNamesData" finished-at="2023-10-01T16:54:17 IST" duration-ms="1677" status="PASS">
          <params>
            <param index="0">
              <value>
                <![CDATA[user3]]>
              </value>
            </param>
          </params>
          <reporter-output>
          </reporter-output>
        </test-method> <!-- testDeleteUser -->
      </class> <!-- api.testcases.UserTestDD -->
      <class name="api.testcases.UserTests">
        <test-method is-config="true" signature="generateTestData()[pri:0, instance:api.testcases.UserTests@11392934]" started-at="2023-10-01T16:54:17 IST" name="generateTestData" finished-at="2023-10-01T16:54:17 IST" duration-ms="350" status="PASS">
          <reporter-output>
          </reporter-output>
        </test-method> <!-- generateTestData -->
        <test-method signature="testCreateUser()[pri:1, instance:api.testcases.UserTests@11392934]" started-at="2023-10-01T16:54:17 IST" name="testCreateUser" finished-at="2023-10-01T16:54:18 IST" duration-ms="1315" status="PASS">
          <reporter-output>
          </reporter-output>
        </test-method> <!-- testCreateUser -->
        <test-method signature="testGetUser()[pri:2, instance:api.testcases.UserTests@11392934]" started-at="2023-10-01T16:54:18 IST" name="testGetUser" finished-at="2023-10-01T16:54:20 IST" duration-ms="1266" status="PASS">
          <reporter-output>
          </reporter-output>
        </test-method> <!-- testGetUser -->
        <test-method signature="testUpdateUser()[pri:3, instance:api.testcases.UserTests@11392934]" started-at="2023-10-01T16:54:20 IST" name="testUpdateUser" finished-at="2023-10-01T16:54:23 IST" duration-ms="3737" status="PASS">
          <reporter-output>
          </reporter-output>
        </test-method> <!-- testUpdateUser -->
        <test-method signature="testDeleteUser()[pri:4, instance:api.testcases.UserTests@11392934]" started-at="2023-10-01T16:54:23 IST" name="testDeleteUser" finished-at="2023-10-01T16:54:25 IST" duration-ms="1323" status="PASS">
          <reporter-output>
          </reporter-output>
        </test-method> <!-- testDeleteUser -->
      </class> <!-- api.testcases.UserTests -->
    </test> <!-- G:/selenium/Projects/freshAPI -->
  </suite> <!-- All Test Suite -->
</testng-results>
